\BOOKMARK [1][-]{section.1}{Theory Crash Course}{}% 1
\BOOKMARK [2][-]{subsection.1.1}{Negotiation Objects}{section.1}% 2
\BOOKMARK [2][-]{subsection.1.2}{Optimality of a Bid}{section.1}% 3
\BOOKMARK [2][-]{subsection.1.3}{Negotiation Protocol}{section.1}% 4
\BOOKMARK [2][-]{subsection.1.4}{Reservation Value}{section.1}% 5
\BOOKMARK [2][-]{subsection.1.5}{Time Pressure}{section.1}% 6
\BOOKMARK [1][-]{section.2}{Protocols}{}% 7
\BOOKMARK [2][-]{subsection.2.1}{Stacked Alternating Offers Protocol}{section.2}% 8
\BOOKMARK [2][-]{subsection.2.2}{Alternating Multiple Offers Protocol}{section.2}% 9
\BOOKMARK [2][-]{subsection.2.3}{Alternating Majority Consensus Protocol}{section.2}% 10
\BOOKMARK [2][-]{subsection.2.4}{Simple Mediator Based Protocol}{section.2}% 11
\BOOKMARK [2][-]{subsection.2.5}{Mediator Feedback Based Protocol}{section.2}% 12
\BOOKMARK [2][-]{subsection.2.6}{Beyond the Protocol}{section.2}% 13
\BOOKMARK [1][-]{section.3}{Running Genius }{}% 14
\BOOKMARK [1][-]{section.4}{Scenario Creation}{}% 15
\BOOKMARK [2][-]{subsection.4.1}{Basic GUI Components}{section.4}% 16
\BOOKMARK [2][-]{subsection.4.2}{Creating a Domain}{section.4}% 17
\BOOKMARK [2][-]{subsection.4.3}{Creating a Preference Profile}{section.4}% 18
\BOOKMARK [1][-]{section.5}{Running Negotiations}{}% 19
\BOOKMARK [2][-]{subsection.5.1}{Running a Multi-Party Negotiation Session}{section.5}% 20
\BOOKMARK [2][-]{subsection.5.2}{Running a Multi-Party Tournament}{section.5}% 21
\BOOKMARK [3][-]{subsubsection.5.2.1}{Bilateral special options}{subsection.5.2}% 22
\BOOKMARK [2][-]{subsection.5.3}{Running from the command line}{section.5}% 23
\BOOKMARK [3][-]{subsubsection.5.3.1}{Prepare the XML settings file}{subsection.5.3}% 24
\BOOKMARK [3][-]{subsubsection.5.3.2}{Run the tournament}{subsection.5.3}% 25
\BOOKMARK [2][-]{subsection.5.4}{Tournament Session Generation}{section.5}% 26
\BOOKMARK [3][-]{subsubsection.5.4.1}{Multilateral generation}{subsection.5.4}% 27
\BOOKMARK [3][-]{subsubsection.5.4.2}{Bilateral generation}{subsection.5.4}% 28
\BOOKMARK [1][-]{section.6}{Quality Measures in Genius}{}% 29
\BOOKMARK [2][-]{subsection.6.1}{Overview of Quality Measures in the Standard Log}{section.6}% 30
\BOOKMARK [3][-]{subsubsection.6.1.1}{Standard Measures}{subsection.6.1}% 31
\BOOKMARK [3][-]{subsubsection.6.1.2}{Detailed Measures}{subsection.6.1}% 32
\BOOKMARK [2][-]{subsection.6.2}{Overview of Quality Measures in the Tournament Log}{section.6}% 33
\BOOKMARK [2][-]{subsection.6.3}{Analyzing Logs using Excel}{section.6}% 34
\BOOKMARK [1][-]{section.7}{Creating a Negotiation Agent}{}% 35
\BOOKMARK [2][-]{subsection.7.1}{Set up your workspace}{section.7}% 36
\BOOKMARK [2][-]{subsection.7.2}{Third party code}{section.7}% 37
\BOOKMARK [2][-]{subsection.7.3}{Example agents}{section.7}% 38
\BOOKMARK [2][-]{subsection.7.4}{Implementing NegotiationParty}{section.7}% 39
\BOOKMARK [3][-]{subsubsection.7.4.1}{Receiving the Opponent's Action}{subsection.7.4}% 40
\BOOKMARK [3][-]{subsubsection.7.4.2}{Choosing an Action}{subsection.7.4}% 41
\BOOKMARK [3][-]{subsubsection.7.4.3}{General properties}{subsection.7.4}% 42
\BOOKMARK [3][-]{subsubsection.7.4.4}{Overview of useful Classes}{subsection.7.4}% 43
\BOOKMARK [2][-]{subsection.7.5}{Loading a NegotiationParty}{section.7}% 44
\BOOKMARK [1][-]{section.8}{Debugging}{}% 45
\BOOKMARK [2][-]{subsection.8.1}{Source code and javadocs}{section.8}% 46
\BOOKMARK [1][-]{section.9}{Creating a BOA Agent}{}% 47
\BOOKMARK [2][-]{subsection.9.1}{Components of the BOA Framework}{section.9}% 48
\BOOKMARK [2][-]{subsection.9.2}{Create "Multi"lateral BOA Party}{section.9}% 49
\BOOKMARK [2][-]{subsection.9.3}{Bi-Lateral BOA}{section.9}% 50
\BOOKMARK [2][-]{subsection.9.4}{Creating New Components}{section.9}% 51
\BOOKMARK [3][-]{subsubsection.9.4.1}{Parameters}{subsection.9.4}% 52
\BOOKMARK [3][-]{subsubsection.9.4.2}{Creating a Bidding Strategy}{subsection.9.4}% 53
\BOOKMARK [3][-]{subsubsection.9.4.3}{Creating an Acceptance Condition}{subsection.9.4}% 54
\BOOKMARK [3][-]{subsubsection.9.4.4}{Creating an Opponent Model}{subsection.9.4}% 55
\BOOKMARK [3][-]{subsubsection.9.4.5}{Creating an Opponent Model Strategy}{subsection.9.4}% 56
\BOOKMARK [2][-]{subsection.9.5}{Compiling BOA Components}{section.9}% 57
\BOOKMARK [2][-]{subsection.9.6}{Adding a Component to the BOA Repository}{section.9}% 58
\BOOKMARK [2][-]{subsection.9.7}{Creating a ANAC2013 BOA Agent}{section.9}% 59
\BOOKMARK [2][-]{subsection.9.8}{Advanced: Converting a BOA Agent to an Agent}{section.9}% 60
\BOOKMARK [2][-]{subsection.9.9}{Advanced: Multi-Acceptance Criteria \(MAC\)}{section.9}% 61
\BOOKMARK [1][-]{section.10}{Conclusion}{}% 62
